[         ] 24/11/2000 18:34:18 : - gethostname = default
[         ] 24/11/2000 18:34:22 : - gethostbyname: IP = 127.0.0.1
[         ] 24/11/2000 18:34:22 : þ opensocket
[         ] 24/11/2000 18:34:22 : þ connect
[         ] 24/11/2000 18:34:22 : $$$ trying localhost
[         ] 24/11/2000 18:34:22 : --> host='default' ip=127.0.0.1 port=6666
[         ] 24/11/2000 18:34:24 : connect() error 10061
[         ] 24/11/2000 18:34:24 : þ closesocket
[         ] 24/11/2000 18:34:24 : þ cantlogin_count = 1
[         ] 24/11/2000 18:34:24 : þ opensocket
[         ] 24/11/2000 18:34:24 : þ connect
[         ] 24/11/2000 18:34:24 : $$$ trying localhost
[         ] 24/11/2000 18:34:24 : --> host='default' ip=127.0.0.1 port=6666
[         ] 24/11/2000 18:34:26 : connect() error 10061
[         ] 24/11/2000 18:34:26 : þ closesocket
[         ] 24/11/2000 18:34:26 : þ cantlogin_count = 2
[         ] 24/11/2000 18:34:26 : þ opensocket
[         ] 24/11/2000 18:34:26 : þ connect
[         ] 24/11/2000 18:34:26 : $$$ trying us.undernet.org
[         ] 24/11/2000 18:34:26 : gethostbyname() error 11001
[         ] 24/11/2000 18:34:26 : þ closesocket
[         ] 24/11/2000 18:34:26 : þ cantlogin_count = 3
[         ] 24/11/2000 18:34:26 : þ opensocket
[         ] 24/11/2000 18:34:26 : þ connect
[         ] 24/11/2000 18:34:26 : $$$ trying us.undernet.org
[         ] 24/11/2000 18:34:26 : gethostbyname() error 11001
[         ] 24/11/2000 18:34:26 : þ closesocket
[         ] 24/11/2000 18:34:26 : þ cantlogin_count = 4
[         ] 24/11/2000 18:34:26 : þ opensocket
[         ] 24/11/2000 18:34:26 : þ connect
[         ] 24/11/2000 18:34:26 : $$$ trying localhost
[         ] 24/11/2000 18:34:26 : --> host='default' ip=127.0.0.1 port=6668
[         ] 24/11/2000 18:34:27 : connect() error 10061
[         ] 24/11/2000 18:34:27 : þ closesocket
[         ] 24/11/2000 18:34:28 : þ cantlogin_count = 5
[         ] 24/11/2000 18:34:28 : þ opensocket
[         ] 24/11/2000 18:34:28 : þ connect
[         ] 24/11/2000 18:34:28 : $$$ trying us.undernet.org
[         ] 24/11/2000 18:34:28 : gethostbyname() error 11001
[         ] 24/11/2000 18:34:28 : þ closesocket
[         ] 24/11/2000 18:34:28 : þ cantlogin_count = 6
[         ] 24/11/2000 18:34:28 : þ opensocket
[         ] 24/11/2000 18:34:28 : þ connect
[         ] 24/11/2000 18:34:28 : $$$ trying us.undernet.org
[         ] 24/11/2000 18:34:28 : gethostbyname() error 11001
[         ] 24/11/2000 18:34:28 : þ closesocket
[         ] 24/11/2000 18:34:28 : þ cantlogin_count = 7
[         ] 24/11/2000 18:34:28 : þ opensocket
[         ] 24/11/2000 18:34:28 : þ connect
[         ] 24/11/2000 18:34:28 : $$$ trying localhost
[         ] 24/11/2000 18:34:28 : --> host='default' ip=127.0.0.1 port=6668
[         ] 24/11/2000 18:34:29 : connect() error 10061
[         ] 24/11/2000 18:34:29 : þ closesocket
[         ] 24/11/2000 18:34:29 : þ cantlogin_count = 8
[         ] 24/11/2000 18:34:29 : þ opensocket
[         ] 24/11/2000 18:34:29 : þ connect
[         ] 24/11/2000 18:34:29 : $$$ trying localhost
[         ] 24/11/2000 18:34:29 : --> host='default' ip=127.0.0.1 port=6666
[         ] 24/11/2000 18:35:24 : - gethostname = default
[         ] 24/11/2000 18:35:25 : - gethostbyname: IP = 127.0.0.1
[         ] 24/11/2000 18:35:25 : þ opensocket
[         ] 24/11/2000 18:35:25 : þ connect
[         ] 24/11/2000 18:35:25 : $$$ trying us.undernet.org
[         ] 24/11/2000 18:35:25 : gethostbyname() error 11001
[         ] 24/11/2000 18:35:25 : þ closesocket
[         ] 24/11/2000 18:35:25 : þ cantlogin_count = 1
[         ] 24/11/2000 18:35:25 : þ opensocket
[         ] 24/11/2000 18:35:25 : þ connect
[         ] 24/11/2000 18:35:25 : $$$ trying us.undernet.org
[         ] 24/11/2000 18:35:25 : gethostbyname() error 11001
[         ] 24/11/2000 18:35:25 : þ closesocket
[         ] 24/11/2000 18:35:25 : þ cantlogin_count = 2
[         ] 24/11/2000 18:35:25 : þ opensocket
[         ] 24/11/2000 18:35:25 : þ connect
[         ] 24/11/2000 18:35:25 : $$$ trying us.undernet.org
[         ] 24/11/2000 18:35:25 : gethostbyname() error 11001
[         ] 24/11/2000 18:35:25 : þ closesocket
[         ] 24/11/2000 18:35:25 : þ cantlogin_count = 3
[         ] 24/11/2000 18:35:25 : þ opensocket
[         ] 24/11/2000 18:35:25 : þ connect
[         ] 24/11/2000 18:35:25 : $$$ trying localhost
[         ] 24/11/2000 18:35:25 : --> host='default' ip=127.0.0.1 port=6666
[         ] 24/11/2000 18:35:26 : connect() error 10061
[         ] 24/11/2000 18:35:26 : þ closesocket
[         ] 24/11/2000 18:35:26 : þ cantlogin_count = 4
[         ] 24/11/2000 18:35:26 : þ opensocket
[         ] 24/11/2000 18:35:26 : þ connect
[         ] 24/11/2000 18:35:26 : $$$ trying localhost
[         ] 24/11/2000 18:35:26 : --> host='default' ip=127.0.0.1 port=6666
[         ] 24/11/2000 18:35:28 : connect() error 10061
[         ] 24/11/2000 18:35:28 : þ closesocket
[         ] 24/11/2000 18:35:28 : þ cantlogin_count = 5
[         ] 24/11/2000 18:35:28 : þ opensocket
[         ] 24/11/2000 18:35:28 : þ connect
[         ] 24/11/2000 18:35:28 : $$$ trying localhost
[         ] 24/11/2000 18:35:28 : --> host='default' ip=127.0.0.1 port=6668
[         ] 24/11/2000 18:35:29 : connect() error 10061
[         ] 24/11/2000 18:35:29 : þ closesocket
[         ] 24/11/2000 18:35:29 : þ cantlogin_count = 6
[         ] 24/11/2000 18:35:29 : þ opensocket
[         ] 24/11/2000 18:35:29 : þ connect
[         ] 24/11/2000 18:35:29 : $$$ trying us.undernet.org
[         ] 24/11/2000 18:35:30 : gethostbyname() error 11001
[         ] 24/11/2000 18:35:30 : þ closesocket
[         ] 24/11/2000 18:35:30 : þ cantlogin_count = 7
[         ] 24/11/2000 18:35:30 : þ opensocket
[         ] 24/11/2000 18:35:30 : þ connect
[         ] 24/11/2000 18:35:30 : $$$ trying localhost
[         ] 24/11/2000 18:35:30 : --> host='default' ip=127.0.0.1 port=6667
[         ] 24/11/2000 18:35:31 : connect() error 10061
[         ] 24/11/2000 18:35:31 : þ closesocket
[         ] 24/11/2000 18:35:31 : þ cantlogin_count = 8
[         ] 24/11/2000 18:35:31 : þ opensocket
[         ] 24/11/2000 18:35:31 : þ connect
[         ] 24/11/2000 18:35:31 : $$$ trying localhost
[         ] 24/11/2000 18:35:31 : --> host='default' ip=127.0.0.1 port=6668
[         ] 24/11/2000 18:35:33 : connect() error 10061
[         ] 24/11/2000 18:35:33 : þ closesocket
[         ] 24/11/2000 18:35:33 : þ cantlogin_count = 9
[         ] 24/11/2000 18:35:33 : þ opensocket
[         ] 24/11/2000 18:35:33 : þ connect
[         ] 24/11/2000 18:35:33 : $$$ trying localhost
[         ] 24/11/2000 18:35:33 : --> host='default' ip=127.0.0.1 port=6667
[         ] 24/11/2000 18:35:33 : þ login
[   Apyjeg] 24/11/2000 18:35:33 : send: NICK Apyjeg
[   Apyjeg] 24/11/2000 18:35:33 : send: USER Atacy "Wyl" "Lemuf" :Loga Ejudit
[   Apyjeg] 24/11/2000 18:35:34 : recv: :servername NOTICE Apyjeg :Verifying Hostname
[   Apyjeg] 24/11/2000 18:35:34 : recv: :servername NOTICE Apyjeg :Host Checked 127.0.0.1
[   Apyjeg] 24/11/2000 18:35:34 : recv: :servername 001 Apyjeg :Welcome to the Internet Relay Network Apyjeg
[   Apyjeg] 24/11/2000 18:35:34 : recv: :servername 002 Apyjeg :Your host is servername, running version 5.07s NOT-REGISTERED
[   Apyjeg] 24/11/2000 18:35:34 : recv: :servername 003 Apyjeg :This server was created on Dec 23 1997 16:48:34
[   Apyjeg] 24/11/2000 18:35:34 : recv: :servername 004 Apyjeg servername 5.07s oiwsn biklmnopstv
[   Apyjeg] 24/11/2000 18:35:34 : recv: :servername 251 Apyjeg :There are 1 users and 0 invisible on 1 servers
[   Apyjeg] 24/11/2000 18:35:34 : recv: :servername 252 Apyjeg 0 :operator(s) online
[   Apyjeg] 24/11/2000 18:35:34 : recv: :servername 253 Apyjeg 0 :unknown connection(s)
[   Apyjeg] 24/11/2000 18:35:34 : recv: :servername 254 Apyjeg 0 :Channels formed
[   Apyjeg] 24/11/2000 18:35:34 : recv: :servername 255 Apyjeg :I have 1 clients and 0 servers
[   Apyjeg] 24/11/2000 18:35:34 : recv: :servername 250 Apyjeg :Total connections 1
[   Apyjeg] 24/11/2000 18:35:34 : recv: :servername 391 Apyjeg servername :Friday, November 24, 2000  18:35:34
[   Apyjeg] 24/11/2000 18:35:34 : recv: :servername 375 Apyjeg :- servername Message of the day -
[   Apyjeg] 24/11/2000 18:35:34 : recv: :servername 372 Apyjeg :- motd shit
[   Apyjeg] 24/11/2000 18:35:34 : recv: :servername 376 Apyjeg :End of /MOTD command
[   Apyjeg] 24/11/2000 18:35:34 : send: JOIN #zombot z0mb0tkey
[   Apyjeg] 24/11/2000 18:35:34 : send: MODE #zombot +k z0mb0tkey
[   Apyjeg] 24/11/2000 18:35:34 : send: MODE #zombot +ntps
[   Apyjeg] 24/11/2000 18:35:34 : send: MODE #zombot -ilm
[   Apyjeg] 24/11/2000 18:35:34 : recv: :Apyjeg!Atacy@127.0.0.1 JOIN :#zombot
[   Apyjeg] 24/11/2000 18:35:34 : recv: :servername 353 Apyjeg = #zombot :@Apyjeg 
[   Apyjeg] 24/11/2000 18:35:34 : recv: :servername 366 Apyjeg #zombot :End of /NAMES list
[   Apyjeg] 24/11/2000 18:35:34 : recv: :Apyjeg!Atacy@127.0.0.1 MODE #zombot +k z0mb0tkey
[   Apyjeg] 24/11/2000 18:35:34 : recv: :Apyjeg!Atacy@127.0.0.1 MODE #zombot +ntps
[   Apyjeg] 24/11/2000 18:36:10 : recv: :xxx!email@127.0.0.1 JOIN :#zombot
[   Apyjeg] 24/11/2000 18:36:10 : auth(xxx)
[   Apyjeg] 24/11/2000 18:36:10 : send: WHOIS xxx
[   Apyjeg] 24/11/2000 18:36:10 : recv: :servername 311 Apyjeg xxx email 127.0.0.1 127.0.0.1 :hehe
[   Apyjeg] 24/11/2000 18:36:10 : auth(xxx)=0
[   Apyjeg] 24/11/2000 18:36:10 : recv: :servername 319 Apyjeg xxx :#zombot 
[   Apyjeg] 24/11/2000 18:36:10 : recv: :servername 312 Apyjeg xxx servername :WIRCSRV Windows IRC Server
[   Apyjeg] 24/11/2000 18:36:10 : recv: :servername 317 Apyjeg xxx 1 975080169 :seconds idle
[   Apyjeg] 24/11/2000 18:36:10 : recv: :servername 318 Apyjeg xxx :End of /WHOIS list
[   Apyjeg] 24/11/2000 18:36:16 : recv: :xxx!email@127.0.0.1 PRIVMSG Apyjeg :hi
[   Apyjeg] 24/11/2000 18:36:16 : send: PRIVMSG xxx :hi
[   Apyjeg] 24/11/2000 18:36:23 : recv: :xxx!email@127.0.0.1 PRIVMSG Apyjeg :who   the fuck are you
[   Apyjeg] 24/11/2000 18:36:23 : send: PRIVMSG xxx :i'm bot
[   Apyjeg] 24/11/2000 18:36:27 : recv: :xxx!email@127.0.0.1 QUIT :a moment in a million years - to make some dreams come true
[   Apyjeg] 24/11/2000 18:36:32 : recv() error 10054
[   Apyjeg] 24/11/2000 18:36:32 : þ closesocket
[   Apyjeg] 24/11/2000 18:36:32 : þ opensocket
[         ] 24/11/2000 18:36:32 : þ connect
[         ] 24/11/2000 18:36:32 : $$$ trying us.undernet.org
[         ] 24/11/2000 18:36:32 : gethostbyname() error 11001
[         ] 24/11/2000 18:36:32 : þ closesocket
[         ] 24/11/2000 18:36:32 : þ cantlogin_count = 10
[         ] 24/11/2000 18:36:32 : þ opensocket
[         ] 24/11/2000 18:36:32 : þ connect
[         ] 24/11/2000 18:36:32 : $$$ trying localhost
[         ] 24/11/2000 18:36:32 : --> host='default' ip=127.0.0.1 port=6668
[         ] 24/11/2000 18:36:34 : connect() error 10061
[         ] 24/11/2000 18:36:34 : þ closesocket
[         ] 24/11/2000 18:36:34 : þ cantlogin_count = 11
[         ] 24/11/2000 18:36:34 : þ opensocket
[         ] 24/11/2000 18:36:34 : þ connect
[         ] 24/11/2000 18:36:34 : $$$ trying us.undernet.org
[         ] 24/11/2000 18:36:34 : gethostbyname() error 11001
[         ] 24/11/2000 18:36:34 : þ closesocket
[         ] 24/11/2000 18:36:34 : þ cantlogin_count = 12
[         ] 24/11/2000 18:36:34 : þ opensocket
[         ] 24/11/2000 18:36:34 : þ connect
[         ] 24/11/2000 18:36:34 : $$$ trying localhost
[         ] 24/11/2000 18:36:34 : --> host='default' ip=127.0.0.1 port=6667
[         ] 24/11/2000 18:36:36 : connect() error 10061
[         ] 24/11/2000 18:36:36 : þ closesocket
[         ] 24/11/2000 18:36:37 : þ cantlogin_count = 13
[         ] 24/11/2000 18:36:37 : þ opensocket
[         ] 24/11/2000 18:36:37 : þ connect
[         ] 24/11/2000 18:36:37 : $$$ trying localhost
[         ] 24/11/2000 18:36:37 : --> host='default' ip=127.0.0.1 port=6667
[         ] 24/11/2000 18:36:38 : connect() error 10061
[         ] 24/11/2000 18:36:38 : þ closesocket
[         ] 24/11/2000 18:36:38 : þ cantlogin_count = 14
[         ] 24/11/2000 18:36:38 : þ opensocket
[         ] 24/11/2000 18:36:38 : þ connect
[         ] 24/11/2000 18:36:38 : $$$ trying localhost
[         ] 24/11/2000 18:36:38 : --> host='default' ip=127.0.0.1 port=6668
[         ] 24/11/2000 18:36:40 : connect() error 10061
[         ] 24/11/2000 18:36:40 : þ closesocket
[         ] 24/11/2000 18:36:40 : þ cantlogin_count = 15
[         ] 24/11/2000 18:36:40 : þ opensocket
[         ] 24/11/2000 18:36:40 : þ connect
[         ] 24/11/2000 18:36:40 : $$$ trying us.undernet.org
[         ] 24/11/2000 18:36:40 : gethostbyname() error 11001
[         ] 24/11/2000 18:36:40 : þ closesocket
[         ] 24/11/2000 18:36:40 : þ cantlogin_count = 16
[         ] 24/11/2000 18:36:40 : þ opensocket
[         ] 24/11/2000 18:36:40 : þ connect
[         ] 24/11/2000 18:36:40 : $$$ trying us.undernet.org
[         ] 24/11/2000 18:36:40 : gethostbyname() error 11001
[         ] 24/11/2000 18:36:40 : þ closesocket
[         ] 24/11/2000 18:36:40 : þ cantlogin_count = 17
[         ] 24/11/2000 18:36:40 : þ opensocket
[         ] 24/11/2000 18:36:40 : þ connect
[         ] 24/11/2000 18:36:40 : $$$ trying localhost
[         ] 24/11/2000 18:36:40 : --> host='default' ip=127.0.0.1 port=6668
[         ] 24/11/2000 18:36:42 : connect() error 10061
[         ] 24/11/2000 18:36:42 : þ closesocket
[         ] 24/11/2000 18:36:42 : þ cantlogin_count = 18
[         ] 24/11/2000 18:36:42 : þ opensocket
[         ] 24/11/2000 18:36:42 : þ connect
[         ] 24/11/2000 18:36:42 : $$$ trying us.undernet.org
[         ] 24/11/2000 18:36:42 : gethostbyname() error 11001
[         ] 24/11/2000 18:36:42 : þ closesocket
[         ] 24/11/2000 18:36:42 : þ cantlogin_count = 19
[         ] 24/11/2000 18:36:42 : þ opensocket
[         ] 24/11/2000 18:36:42 : þ connect
[         ] 24/11/2000 18:36:42 : $$$ trying localhost
[         ] 24/11/2000 18:36:42 : --> host='default' ip=127.0.0.1 port=6668
[         ] 24/11/2000 18:36:44 : connect() error 10061
[         ] 24/11/2000 18:36:44 : þ closesocket
[         ] 24/11/2000 18:36:44 : þ cantlogin_count = 20
[         ] 24/11/2000 18:36:44 : þ opensocket
[         ] 24/11/2000 18:36:44 : þ connect
[         ] 24/11/2000 18:36:44 : $$$ trying us.undernet.org
[         ] 24/11/2000 18:36:44 : gethostbyname() error 11001
[         ] 24/11/2000 18:36:44 : þ closesocket
[         ] 24/11/2000 18:36:44 : þ cantlogin_count = 21
[         ] 24/11/2000 18:36:44 : þ opensocket
[         ] 24/11/2000 18:36:45 : þ connect
[         ] 24/11/2000 18:36:45 : $$$ trying us.undernet.org
[         ] 24/11/2000 18:36:45 : gethostbyname() error 11001
[         ] 24/11/2000 18:36:45 : þ closesocket
[         ] 24/11/2000 18:36:45 : þ cantlogin_count = 22
[         ] 24/11/2000 18:36:45 : þ opensocket
[         ] 24/11/2000 18:36:45 : þ connect
[         ] 24/11/2000 18:36:45 : $$$ trying us.undernet.org
[         ] 24/11/2000 18:36:45 : gethostbyname() error 11001
[         ] 24/11/2000 18:36:45 : þ closesocket
[         ] 24/11/2000 18:36:45 : þ cantlogin_count = 23
[         ] 24/11/2000 18:36:45 : þ opensocket
[         ] 24/11/2000 18:36:45 : þ connect
[         ] 24/11/2000 18:36:45 : $$$ trying us.undernet.org
[         ] 24/11/2000 18:36:45 : gethostbyname() error 11001
[         ] 24/11/2000 18:36:45 : þ closesocket
[         ] 24/11/2000 18:36:45 : þ cantlogin_count = 24
[         ] 24/11/2000 18:36:45 : þ opensocket
[         ] 24/11/2000 18:36:45 : þ connect
[         ] 24/11/2000 18:36:45 : $$$ trying localhost
[         ] 24/11/2000 18:36:45 : --> host='default' ip=127.0.0.1 port=6667
[         ] 24/11/2000 18:36:47 : connect() error 10061
[         ] 24/11/2000 18:36:47 : þ closesocket
[         ] 24/11/2000 18:36:47 : þ cantlogin_count = 25
[         ] 24/11/2000 18:36:47 : þ opensocket
[         ] 24/11/2000 18:36:47 : þ connect
[         ] 24/11/2000 18:36:47 : $$$ trying localhost
[         ] 24/11/2000 18:36:47 : --> host='default' ip=127.0.0.1 port=6668
[         ] 24/11/2000 18:36:48 : connect() error 10061
[         ] 24/11/2000 18:36:48 : þ closesocket
[         ] 24/11/2000 18:36:48 : þ cantlogin_count = 26
[         ] 24/11/2000 18:36:48 : þ opensocket
[         ] 24/11/2000 18:36:48 : þ connect
[         ] 24/11/2000 18:36:48 : $$$ trying us.undernet.org
[         ] 24/11/2000 18:36:49 : gethostbyname() error 11001
[         ] 24/11/2000 18:36:49 : þ closesocket
[         ] 24/11/2000 18:36:49 : þ cantlogin_count = 27
[         ] 24/11/2000 18:36:49 : þ opensocket
[         ] 24/11/2000 18:36:49 : þ connect
[         ] 24/11/2000 18:36:49 : $$$ trying us.undernet.org
[         ] 24/11/2000 18:36:49 : gethostbyname() error 11001
[         ] 24/11/2000 18:36:49 : þ closesocket
[         ] 24/11/2000 18:36:49 : þ cantlogin_count = 28
[         ] 24/11/2000 18:36:49 : þ opensocket
[         ] 24/11/2000 18:36:49 : þ connect
[         ] 24/11/2000 18:36:49 : $$$ trying us.undernet.org
[         ] 24/11/2000 18:36:49 : gethostbyname() error 11001
[         ] 24/11/2000 18:36:49 : þ closesocket
[         ] 24/11/2000 18:36:49 : þ cantlogin_count = 29
[         ] 24/11/2000 18:36:49 : þ opensocket
[         ] 24/11/2000 18:36:49 : þ connect
[         ] 24/11/2000 18:36:49 : $$$ trying us.undernet.org
[         ] 24/11/2000 18:36:49 : gethostbyname() error 11001
[         ] 24/11/2000 18:36:49 : þ closesocket
[         ] 24/11/2000 18:36:49 : þ cantlogin_count = 30
[         ] 24/11/2000 18:36:50 : þ opensocket
[         ] 24/11/2000 18:36:50 : þ connect
[         ] 24/11/2000 18:36:50 : $$$ trying localhost
[         ] 24/11/2000 18:36:50 : --> host='default' ip=127.0.0.1 port=6667
[         ] 24/11/2000 18:36:51 : connect() error 10061
[         ] 24/11/2000 18:36:51 : þ closesocket
[         ] 24/11/2000 18:36:51 : þ cantlogin_count = 31
[         ] 24/11/2000 18:36:51 : þ opensocket
[         ] 24/11/2000 18:36:51 : þ connect
[         ] 24/11/2000 18:36:51 : $$$ trying us.undernet.org
[         ] 24/11/2000 18:36:52 : gethostbyname() error 11001
[         ] 24/11/2000 18:36:52 : þ closesocket
[         ] 24/11/2000 18:36:52 : þ cantlogin_count = 0
[         ] 24/11/2000 18:36:52 : þ sleep
