BFF72000  53
BFF72001  56
BFF72002  57
BFF72003  8B 4D 08
BFF72006  0E
BFF72007  68 1B 20 F7 BF
BFF7200C  50
BFF7200D  A1 4A 97 FC BF
BFF72012  2E 8B 40 28
BFF72016  87 04 24
BFF72019  66 CB
BFF7201B  8B 4D 0C
BFF7201E  66 89 01
BFF72021  0F B7 C0
BFF72024  5F
BFF72025  5E
BFF72026  5B
BFF72027  C9
BFF72028  C2 08 00
BFF7202B  55
BFF7202C  8B EC
BFF7202E  53
BFF7202F  56
BFF72030  57
BFF72031  0F B7 4D 08
BFF72035  51
BFF72036  E8 40 8F 02 00
BFF7203B  0B C0
BFF7203D  B8 00 00 00 00
BFF72042  75 01
BFF72044  40
BFF72045  5F
BFF72046  5E
BFF72047  5B
BFF72048  C9
BFF72049  C2 04 00
BFF7204C  55
BFF7204D  8B EC
BFF7204F  53
BFF72050  06
BFF72051  66 8E 05 B4 94 FC BF
BFF72058  0F B7 5D 08
BFF7205C  80 E3 F8
BFF7205F  8B 4D 0C
BFF72062  8B 01
BFF72064  26 89 03
BFF72067  8B 41 04
BFF7206A  26 89 43 04
BFF7206E  07
BFF7206F  33 C0
BFF72071  40
BFF72072  5B
BFF72073  C9
BFF72074  C2 08 00
BFF72077  55
BFF72078  8B EC
BFF7207A  53
BFF7207B  0F B7 5D 08
BFF7207F  80 E3 F8
BFF72082  03 1D 80 94 FC BF
BFF72088  66 8B 45 0C
BFF7208C  66 89 03
BFF7208F  5B
BFF72090  C9
BFF72091  C2 08 00
BFF72094  55
BFF72095  8B EC
BFF72097  53
BFF72098  06
BFF72099  66 8E 05 B4 94 FC BF
BFF720A0  0F B7 5D 08
BFF720A4  80 E3 F8
BFF720A7  26 0F B6 43 07
BFF720AC  C1 E0 18
BFF720AF  26 0F B6 53 04
BFF720B4  C1 E2 10
BFF720B7  0B C2
BFF720B9  66 26 8B 43 02
BFF720BE  07
BFF720BF  5B
BFF720C0  C9
BFF720C1  C2 04 00
BFF720C4  55
BFF720C5  8B EC
BFF720C7  53
BFF720C8  06
BFF720C9  66 8E 05 B4 94 FC BF
BFF720D0  0F B7 5D 08
BFF720D4  80 E3 F8
BFF720D7  8B 4D 0C
BFF720DA  26 8B 03
BFF720DD  89 01
BFF720DF  26 8B 43 04
BFF720E3  89 41 04
BFF720E6  07
BFF720E7  33 C0
BFF720E9  40
BFF720EA  5B
BFF720EB  C9
BFF720EC  C2 08 00
BFF720EF  55
BFF720F0  8B EC
BFF720F2  53
BFF720F3  56
BFF720F4  57
BFF720F5  8B 7D 08
BFF720F8  B9 FF FF FF FF
BFF720FD  2A C0
BFF720FF  F2 AE
BFF72101  8B 75 08
BFF72104  6A 02
BFF72106  E8 A9 EF FF FF
BFF7210B  5F
BFF7210C  5E
BFF7210D  5B
BFF7210E  C9
BFF7210F  C2 04 00
BFF72112  53
BFF72113  33 DB
BFF72115  6A 20
BFF72117  E8 98 EF FF FF
BFF7211C  5B
BFF7211D  C3
BFF7211E  55
BFF7211F  8B EC
BFF72121  53
BFF72122  8B 5D 08
BFF72125  66 B9 12 00
BFF72129  6A 7F
BFF7212B  E8 84 EF FF FF
BFF72130  0F B7 C0
BFF72133  5B
BFF72134  C9
BFF72135  C2 04 00
BFF72138  51
BFF72139  50
BFF7213A  68 29 00 2A 00
BFF7213F  E8 90 F2 FF FF
BFF72144  C3
BFF72145  A1 D8 9C FC BF
BFF7214A  8B 00
BFF7214C  0F B7 40 4E
BFF72150  C3
BFF72151  55
BFF72152  8B EC
BFF72154  8B 45 08
BFF72157  8B 40 54
BFF7215A  0B C0
BFF7215C  74 0E
BFF7215E  FF 75 0C
BFF72161  50
BFF72162  68 0A 00 2A 00
BFF72167  E8 68 F2 FF FF
BFF7216C  C9
BFF7216D  C2 08 00
BFF72170  1F
BFF72171  07
BFF72172  0F A1
BFF72174  0F A9
BFF72176  61
BFF72177  9D
BFF72178  6A FF
BFF7217A  68 09 00 2A 00
BFF7217F  E8 50 F2 FF FF
BFF72184  C3
BFF72185  55
BFF72186  8B EC
BFF72188  56
BFF72189  57
BFF7218A  8B 7D 0C
BFF7218D  33 C9
BFF7218F  49
BFF72190  33 C0
BFF72192  F2 AE
BFF72194  F7 D1
BFF72196  3B 4D 10
BFF72199  76 07
BFF7219B  8B 4D 10
BFF7219E  0B C9
BFF721A0  74 18
BFF721A2  49
BFF721A3  8B 75 0C
BFF721A6  8B 7D 08
BFF721A9  8B D1
BFF721AB  C1 E9 02
BFF721AE  F3 A5
BFF721B0  8B CA
BFF721B2  83 E1 03
BFF721B5  F3 A4
BFF721B7  33 C0
BFF721B9  AA
BFF721BA  8B 45 08
BFF721BD  5F
BFF721BE  5E
BFF721BF  C9
BFF721C0  C2 0C 00
BFF721C3  58
BFF721C4  C3
BFF721C5  55
BFF721C6  8B EC
BFF721C8  FF 35 70 94 FC BF
BFF721CE  E8 1E 20 00 00
BFF721D3  8B 45 08
BFF721D6  64 0F BF 0D 1E 00 00 00
BFF721DE  89 08
BFF721E0  66 64 C7 05 1E 00 00 00 FF FF
BFF721EA  C9
BFF721EB  C2 04 00
BFF721EE  55
BFF721EF  8B EC
BFF721F1  8B 45 08
BFF721F4  66 64 A3 1E 00 00 00
BFF721FB  FF 35 70 94 FC BF
BFF72201  E8 B2 1F 00 00
BFF72206  C9
BFF72207  C2 04 00
BFF7220A  55
BFF7220B  8B EC
BFF7220D  0F B7 45 08
BFF72211  0F 02 C0
BFF72214  75 06
BFF72216  2B C0
BFF72218  C9
BFF72219  C2 04 00
BFF7221C  B0 01
BFF7221E  EB F8
BFF72220  83 7C 24 0C 00
BFF72225  0F 84 F4 14 00 00
BFF7222B  FF 35 FC 94 FC BF
BFF72231  E8 82 1F 00 00
BFF72236  0F B7 44 24 06
BFF7223B  A8 04
BFF7223D  74 2D
BFF7223F  24 F8
BFF72241  D1 E8
BFF72243  8B 0D B0 94 FC BF
BFF72249  66 3B 01
BFF7224C  73 1E
BFF7224E  03 05 6C 94 FC BF
BFF72254  8B 00
BFF72256  0B C0
BFF72258  74 12
BFF7225A  A8 0F
BFF7225C  75 0E
BFF7225E  03 05 88 94 FC BF
BFF72264  FE 40 14
BFF72267  75 03
BFF72269  FE 48 14
BFF7226C  FF 35 FC 94 FC BF
BFF72272  E8 7A 1F 00 00
BFF72277  E9 A3 14 00 00
BFF7227C  FF 35 FC 94 FC BF
BFF72282  E8 31 1F 00 00
BFF72287  0F B7 44 24 06
BFF7228C  A8 04
BFF7228E  74 34
BFF72290  24 F8
BFF72292  D1 E8
BFF72294  8B 0D B0 94 FC BF
BFF7229A  66 3B 01
BFF7229D  73 25
BFF7229F  03 05 6C 94 FC BF
BFF722A5  8B 00
BFF722A7  0B C0
BFF722A9  74 19
BFF722AB  A8 0F
BFF722AD  75 15
BFF722AF  03 05 88 94 FC BF
BFF722B5  80 78 14 FF
