-------------------------------
Computer VIRUS Club "STEALTH".
Statut, v0.2. 16.SEP.1994
-------------------------------

1.  COMPUTER VIRUS CLUB - неформальная некоммерческая организация, объединяющая
                         программистов- авторов вирусов независимо от их ква-
			 лификации, а также лиц, поддерживающих и распростра-
			 няющих идею вирусонаписания.
    
    Клуб "Stealth"- клуб друзей, со всеми вытекающими отсюда отношениями.
    В клубе недопустимы любые формы бюрократии, иерархии и прочих форм 
     общественного устройства.
    Все члены клуба имеют равные права.
    Устав клуба направлен на защиту конфиденциальности его членов и
      поддержание дружеских отношений, соблюдать его - единственная 
      обязанность каждого.
    Членские и прочие взносы отсутствуют.


2.  КОМПЬЮТЕРНЫЕ ВИРУСЫ, ИХ СУЩНОСТЬ И ПРИЧИНЫ НАПИСАНИЯ.
   ------------------------------------------------------

2.1.Что такое компьютерный вирус.
    Компьютерный вирус  - исполняемый код, способный к саморазмножению.
			  Все остальные функции вируса не являются основными.
			  Вирусы являются единственной областью чистого прогам-
			  мирования, а также , в отличие от других компьютерных
			  программ, несут в себе интеллектуальные функции по
			  защите своего существования от обнаружения и уничто-
			  жения. 
2.2.Антивирусы.

	Антивирусные программы всех видов являются убийцами  живых техно-орга-
   низмов, и в подавляющем большинстве своем не несут интеллектуальных функций.
	Профессия антивирусника  зачастую сводится даже не к изучению вирусов,
    а просто их выкусыванию, о чем легко можно понять из антивирусной 
    литературы.
    
	Вместе с тем антивирусы являются двигателем прогресса, благодаря кото-
    рым вирусы прошли эволюцию от Vienna-648 до современных stealth-phantoms.
    Фаги стали причиной создания Phantom-вирусов, Stealth-механизмы были соз-
    даны как реакция на ревизоры, не считая достижений по исследованию неиз-
    вестных ресурсов системы, неизвестных,  возможно, даже разработчикам.
  	   
	Все антивирусы ориентированы на несовершенства существующих вирусных
алгоритмов и конструкций, поэтому особенно важно объединить свои усилия по со-
зданию более совершенных вирусов.

	Деструктивные действия не являются неотъемлемой частью вируса. 
Клуб не ставит своей основной целью уничтожение информации и прочую деструкцию,
        - порча как самоцель не является занятием интеллектуальным.
	Однако мы не осуждаем и вполне допускаем наличие разрушительных меха-
низмов как активную защиту от их обнаружения и уничтожения, а также в ответ
на отношение общества к вирусам и основной массы юзеров к настоящему программи-
рованию .

	Мы не распространяем антивирусы и считаем их написание занятием, недо-
 стойным настоящего программиста. Для этого существуют антивирусники.

3. Цели клуба:
	1.   Объединение авторов вирусов во всем мире, независимо от их квалифи-
	     кации, для общения и взаимопомощи.
	2.   Написание и распространение вирусов.
        2.1. Совершенствование вирусных алгоритмов.
	2.2. Создание вирусов под защищенный режим и всевозможные сети.
	3.   Изучение антивирусных средств для нахождения методов противо-
	     действия.
	3.1. Дизассемблирование антивирусов, их троянизация.
	3.2. Дискредитация фагов путем распространения штаммов с измененными
	     сигнатурами.
	4.   Популяризация идеи вирусонаписания среди программистов и юзеров.
	4.1. Оказание помощи начинающим программистам в области вирусов.
	4.2. Способствие увеличению числа программистов - бывших юзеров.
	4.3. Распространению комментированных исходников вирусов и описаний 
	     вирусных алгоритмов.
	
4.   Внутреннее устройство клуба.

4.1. Президент и основатель клуба, LovinGOD, является координатором и органи-
	   затором его деятельности, осуществляет контакты с внешним миром,
	   принимает в клуб новых членов при участии ко-учредителя и вице-
	   Президента клуба Crazy  и с согласия остальных членов клуба.

4.2. Члены и другие органы клуба.
     Членом клуба может стать каждый, кто :
	   
	- создает вирусы, изучает их с целью создания и распространения
	- имеет желание заняться созданием вирусов,но пока не имеет достаточных
	  знаний
        - изобретает новые технологии в области вирусов

4.3. Группа поддержки состоит из тех, кто 
	   - положительно относится к компьютерным вирусам
	   - готов оказать помощь членам клуба по распространению вирусов
	     на доступных им недружественных компьютерах
	   - распространяет информацию о нашем клубе и помогает устанавливать
	     контакты с авторами вирусов	 

4.4. Дружественными считаются лица, которые 
           - относятся к вирусам нейтрально
           - не противодействуют распространению идеи написания вирусов и
 	     рекламы клуба, то есть распространению информации о вирусах, а
             не самих вирусов
	   - SysOp'ы, которые не препятствуют помещению на их board'ы информа-
	     ции о вирусах, изданий нашего клуба и рекламы- Такие BBS считаются
	     дружественными,
	   - передают нововыявленные вирусы клубу

     По отношению к Дружественным BBS, а также ко всем дружественным лицам,
     клуб соблюдает следующие правила :
           - не допускается заражение вирусами рабочей (игровой) среды Дружест-
	     венных лиц
             По отношению к Дружественным BBS :    
             -не допускается распространение вирусов через Дружественные BBS  
	   - клуб оказывает помощь Дружественным лицам по их просьбе по очистке
             их рабочей среды от вирусов на условиях нераспространения антиви-
 	     русных программ или данных, облегчающих поимку и уничтожение дан-
	     ного вируса далее Дружественного лица, и передачи всех нововыяв-
	     ленных вирусов эксклюзивно нашему клубу.
           - дает справки по любым интересующим Дружественных лиц темам вирусо-
	     логии
     Дружественные лица не являются членами клуба и не принадлежат к нему ни-
             коим образом; клуб сам устанавливает круг дружественных лиц, исхо-
	     дя из вышеуказанных отношений.
     Дружественное лицо уведомляется о своем статусе.
     Дружественное лицо утрачивает свой статус при несогласии с ним или
             действиях, направленных против нашего клуба. 
          

5. Права членов клуба:
	1. Член клуба имеет право:
	1. -иметь право (если это не наше Право)
	    (за возможные последствия данного пункта клуб ответственности не
	     несет )
        2. -на помощь других членов клуба,
	3. -пользоваться любым программным обеспечением, доступным кому-либо из 
	    клуба,
	4. -пользоваться клубной коллекцией вирусов и антивирусных программ,
	    содержать их копию для личного пользования	 
	5. -пользоваться исходниками творений членов клуба
	6. -на поддержку и распространение своих творений на любых недружествен-  
	    ных компьютерах, доступных кому-либо из членов клуба.
	7. -обращаться к автору того или иного вируса за антивирусом(если тако-
	    вой имеется) или данными, облегчающими его обнаружение для очистки
	    своей рабочей среды	.
        8. -на безусловное сохранение своей конфиденциальности 

6. Недопустимо:
	   -распространение антивирусных программ против творений членов клуба
	    без согласия автора данного вируса ( за исключением очистки СВОЕЙ 
	    рабочей среды ) 
	   -распространение исходных текстов вирусов, написанных членами клуба
	    или данных, облегчающих обнаружение или уничтожение данных вирусов
	    без согласия автора
	   -распространение клубной коллекции вирусов без согласия членов клуба
	   -разглашение идей написания новых вирусов, готовящихся к выпуску,
	    людям, могущим использовать это против готовящегося экземпляра
	   -РАЗГЛАШЕНИЕ КООРДИНАТ ЧЛЕНОВ КЛУБА, ЧЛЕНОВ ГРУППЫ ПОДДЕРЖКИ И 
            ДРУЖЕСТВЕННЫХ ЛИЦ БЕЗ ИХ СОГЛАСИЯ
	
7. Непечатные издания клуба и другая давилка(press)
 	  -Клубом "Stealth" издается информационный бюллетень "Infected Voice",
 	   ежемесячный электронный непечатный журнал, распространяемый по BBS 
	   и далее везде... Первый выпуск планируется на конец  сентября 1994г.
	  -Также клуб планирует регулярно выпускать во тьму ночных телекоммуни-
           каций комментированные исходники вирусов из клубной коллекции, и
           тематические подборки на темы конкретных задач создания вирусов. 

8. Как стать членом Computer VIRUS Club'a:

	   -поддерживать и быть готовым соблюдать Устав нашего клуба
	   -установить контакт с Президентом клуба, и с согласия остальных,
	    быть представленным им;
	   -указать координаты для контактов- никаких данных о себе, кроме тех,
	    которые вы дадите сами,  не требуется!
            
9. Контакты:  
	   - мы приглашаем на контакт Hacker'ов , Cracker'ов (!!!), а также 
	     всех, серьезно занимающимися Assembler 'ом, если они не относятся
	     к списку нежелательных лиц.
    Адрес для контактов:
	     Клуб является UNDERGROUND организацией.  
 	     Внешние контакты осуществляются только по почте.
	     Дополнительные данные: (телефон, факс, модем) - будут даны только
	     после контакта и выяснения отношений.

    Почтовый адрес :   КИЕВ-148 а/я 10 "Stealth".

10. Мы НЕ желаем контактировать с лицами(мордами) :
           - имеющими хобби - написание антивирусов			
	   - изучающими вирусы с целью их уничтожения
	   - враждебно настроенными по отношению к вирусам, Hacker'ам,
	     Cracker'ам

    Эти лица(морды) будут немедленно высланы открытым текстом, а текста 
    у нас хватит на всех!

11. Disclaimer:

    Computer VIRUS Club "STEALTH", unLimited, не несет никакой ответственности!

    Все жалобы направляйте на фабрику противозачаточных средств или непосред-
    ственно автору вашей любимой антивирусной программы. 
    Пользуйтесь Norton Disk Doctor'ом, Stacker'ом и DouLBoSpace'ом и тогда вы
    поймете, что вирус без деструкции все таки лучше деструкции без вируса.
    Пишите на Borland C++ или Turbo Pascale, и хайте вирусы за то, что они 
    вредно уменьшают количество свободной оперативной памяти.
    Пользуйтесь Windows и трепещите от легенд о вирусах, изнашивающих винчес-
    тер.
    Держите на винчестере продукцию MICRO(?!!)soft и прочих Борманов и громко
    возмущайтесь, что вирус  украдет у вас  2 килобайта_тела_вируса*50 файлов !

---------------------------------------------------------------------------
(C) Stealth,The Computer VIRUS Club, unLTD, 1994. Kiev, Cuntry of fUcKRAINE.
---------------------------------------------------------------------------
