
               CVC (Corean Virus Club) Magazine #2 Index
                                                               (97/09)

**********************************************************************
* 알림 : CVC 잡지는 바이러스제작기법도 포함되어 있습니다. 여기에 공  *
*        개된 바이러스소스와 샘플은 오직 교육적인 목적으로만 사용되  *
*        어야 하며, 사용부주의로 생기는 모든 물질적 정신적 피해의 책 *
*        임은 사용자에게 있습니다.                                   *
**********************************************************************


<< 차례 >>

 CVC02   .LST  .............. CVC #02 리스트 (지금 보고 있습니다.)

 CVC02   .1-1  .............. CVC 에 대해서
 CVC02   .1-2  .............. CVC 의 구성원들
 CVC02   .1-3  .............. CVC 인사말
 CVC02   .1-4  .............. 바이러스 관련 사이트들
 CVC02   .1-5  .............. PC Viruses in the wild - 1997 07
 CVC02   .1-6  .............. V3+ V848 바이러스 리스트
 CVC02   .1-7  .............. CVC #03 에서는 ?

 CVC02   .2-1  .............. 한국에서 널리 퍼진 바이러스들
 CVC02   .2-2  .............. 바이러스 소식들
 CVC02   .2-3  .............. 인터뷰 - KORVS (KORea Virus Society)
 CVC02   .2-4  .............. 매크로 바이러스에 대해서 - Trend Corea
 CVC02   .2-5  .............. 삼분법에 대해서
 CVC02   .2-6  .............. 타키온 + 키콤 = ?
 CVC02   .2-7  .............. 타키온 베타 정보들
 CVC02   .2-8  .............. 변형 바이러스들 언제까지 ?
 CVC02   .2-9  .............. Virus Mini FAQ - Corean Version
 CVC02   .2-A  .............. 바이러스에 대한 짧은 FAQ
 CVC02   .2-B  .............. KORVS 사건
 CVC02   .2-C  .............. 한국산 바이러스의 요건
 CVC02   .2-D  .............. 디스크 보안

 CVC02   .3-1  .............. 트로이목마 집어 넣기
 CVC02   .3-2  .............. TBSCAN 진단 피하기
 CVC02   .3-3  .............. 최신 스텔스 기법
 CVC02   .3-4  .............. 감염에서 제외할 파일들
 CVC02   .3-5  .............. Batch 바이러스
 CVC02   .3-6  .............. Basic 바이러스
 CVC02   .3-7  .............. Pascal 바이러스
 CVC02   .3-8  .............. Assembly 바이러스
 CVC02   .3-9  .............. Burgalr.1150 by KOV / SVS
 CVC02   .3-A  .............. Monkey virus (VBB 한국어판)
 CVC02   .3-B  .............. 워드매크로 FAQ (VBB 한국어판)
 CVC02   .3-C  .............. 암호풀기 (40hex 한국어판)
 CVC02   .3-D  .............. 중요인터럽트함수 (VBB 한국어판)
 CVC02   .3-E  .............. Tiny 바이러스 소스 (VBB 한국어판)
 CVC02   .3-F  .............. 고전탐험 - 국내편 : LBC 와 변형들
 CVC02   .3-G  .............. 초보자를 위한 바이러스 실전강좌 1회

<< Viruses Source >>

 FRIENDA .ASM  .............. Friend (Type A) by Osiris / CVC
 LBC-A   .ASM  .............. LBC by Njh / Corea '89
 MINY2A  .ASM  .............. Miny2.182 by Osiris / CVC
 MINY2B  .ASM  .............. Miny2.184 by Osiris / CVC
 MINY2C  .ASM  .............. Miny2.205 by Osiris / CVC
 MINY2D  .ASM  .............. Miny2.230 by Osiris / CVC
 MINY2E  .ASM  .............. Miny2.328 by Osiris / CVC
 MY1-398 .ASM  .............. Miny1.398 by Osiris / CVC
 MY3-256 .ASM  .............. Miny3.256 by KOV / SVS
 TRIV39  .ASM  .............. Trivial.39 by Osiris / CVC

<< Corean Viruses >>

 VIRUSES .ZIP

  Damanaeg.BIN .............. LBC.Damanaegi by ? / Corea
  LBC-A   .BIN .............. LBC.A by Njh / Corea
  LBC-B   .BIN .............. LBC.B (NJH-LBC.B)
  LEECH-G .VIR .............. Leech.Kr.G
  MINY2A  .VIR .............. Miny2.182 by Osiris / CVC
  MINY2B  .VIR .............. Miny2.184 by Osiris / CVC
  MINY2C  .VIR .............. Miny2.205 by Osiris / CVC
  MINY2D  .VIR .............. Miny2.230 by Osiris / CVC
  MINY2E  .VIR .............. Miny2.328 by Osiris / CVC
  MY1-398 .VIR .............. Miny1.398 by Osiris / CVC
  MY1-433B.VIR .............. Miny1.433.B by Viructive / Corea
  POX961  .VIR .............. Pox.Kr.961
  TRIV39  .VIR .............. Trivial.39 by Osiris / CVC

 MPE2-BF .RAR  .............. Mini Polymorphic Engine 0.02 (bug fix version)
                              by Kiminwoo / CVC

<< Utility >>

 EXE2COM .EXE  .............. Utility
                              EXE 파일을 COM 으로 변환해 주는 프로그램이다.
                              원래 파일 이름은 EXE2BIN 이지만 도스 버전 검
                              사 부분과 BIN 이란 문자열을 COM 으로 바꾸어
                              도스버전에 상관없이 작동한다.

  .1-x 는 CVC 에 대한 정보나 기타 고정적 내용들입니다.
  .2-x 는 가볍게 읽을 수 있는 글들로 구성된다.
  .3-x 는 학습을 위한 내용으로 구성된다.

                                                CVC (Corean Virus Club)
