
                   CVC (Corean Virus Club) Zine Issue #04
                                                                    (98/05)

    !*< 법률적 의무 >********************************************************!
    *                                                                        *
    * 경고 !                                                                 *
    *        이 정보는 교육적인 목적으로만 사용되어야 합니다. 우리는 이      *
    *        정보를 사용해서 발생하는 어떤 문제에 대해서도 책임을 지지 않    *
    *        습니다. 모든 책임은 글을 읽는 사람에게 있습니다.                *
    *                                                                        *
    * Warning !                                                              *
    *        This information is for educational purposes only. We are       *
    *        not responsible for any problems caused by the use of this      *
    *        information. Responsibility is entirely placed on the reader    *
    *                                                                        *
    !************************************************************************!

     이 Zine 에는 컴퓨터바이러스에 대해 다루고 있습니다.CVC는 본 Zine 에 공
     개된 자료로 인해 발생하는 어떤 형태의 손실이나 부작용, 물질적, 정신적
     피해에 대해 책임을 지지 않을 것입니다.
       이에 동의하지 않으면 이글을 읽지 마십시오. 계속해서 글을 읽어 나간다
     면 당신은 위의 사항에 대해 동의한 것으로 간주 할 것입니다.


 << 차례 >>

 CVC#04  .LST  .............. CVC #04 리스트 (지금 보고 있습니다.)

 CVC#04  .1-1  .............. CVC 소개
 CVC#04  .1-2  .............. 회원 소개 & 가입 방법
 CVC#04  .1-3  .............. CVC Zine의 구성
 CVC#04  .1-4  .............. 왜 우리는 범죄자가 아닌가 ?
 CVC#04  .1-5  .............. CVC 운동 : 애국가 바로 알기
 CVC#04  .1-6  .............. 진단에 사용한 AV
 CVC#04  .1-7  .............. 인사말
 CVC#04  .1-8  .............. CVC Zine #03 에 대한 반응들
 CVC#04  .1-9  .............. 편집 후기

 CVC#04  .2-1  .............. 가볼만한 곳
 CVC#04  .2-2  .............. 한국에서 널리 퍼진 바이러스들
 CVC#04  .2-3  .............. PC Viruses in the wild - 1998/04
 CVC#04  .2-4  .............. V3+ 바이러스 리스트
 CVC#04  .2-5  .............. 감염에서 제외할 파일들
 CVC#04  .2-6  .............. 중요한 바이러스 관련 함수
 CVC#04  .2-7  .............. CVC 목차

 CVC#04  .3-1  .............. 바이러스 소식들
 CVC#04  .3-2  .............. 최초의 한국산 매크로 바이러스 출현
 CVC#04  .3-3  .............. 바이러스 이름 짓기
 CVC#04  .3-4  .............. 바이러스 제작 키트 소개 (1) VCL
 CVC#04  .3-5  .............. 신제품 : V3Pro 98
 CVC#04  .3-6  .............. Lamer 의 돈벌기 : X 세대 해킹 기법
 CVC#04  .3-7  .............. 컴퓨터바이러스제작자들
 CVC#04  .3-8  .............. 윈도우 에서 DOS 호환 바이러스
 CVC#04  .3-9  .............. Computer Virus 란 무엇인가 ? 그리고 그 정체
 CVC#04  .3-A  .............. KOV 의 바이러스 노트
 CVC#04  .3-B  .............. AV 분석 : Solo Vaccine II
 CVC#04  .3-C  .............. 인터뷰 : Crom
 CVC#04  .3-D  .............. SVS 에서 CVC 까지

 CVC#04  .4-1  .............. Windows 95 에 포함된 나쁜 파일들
 CVC#04  .4-2  .............. 특집 ! EXE 파일 감염 테크닉
 CVC#04  .4-3  .............. 비상주형 바이러스 테크닉 : PATH 이용
 CVC#04  .4-4  .............. 배치파일 감염 방법
 CVC#04  .4-5  .............. 워드매크로 바이러스
 CVC#04  .4-6  .............. 상주형 바이러스 강좌 2 회 - 도스표준상주
 CVC#04  .4-7  .............. 바이러스 분석 강좌 2 회 - DEBUG 사용법
 CVC#04  .4-8  .............. 작은 것이 아름답다 ! C_Tiny
 CVC#04  .4-9  .............. Nambul.NEW 치료 백신
 CVC#04  .4-A  .............. 남벌 바이러스 메모리 치료 루틴을 만들자

<< Virus Source >>

 AARDWOLF.ASM  .............. Aardwolf (Type A)  by Crom / CVC
 CBATBUG .ASM  .............. CBatBug            by Crom / CVC
 CTINY-C .ASM  .............. C_Tiny (Type C)    by Crom / CVC
 CTINY-D .ASM  .............. C_Tiny (Type D)    by Crom / CVC
 FRIEND-C.ASM  .............. Friend (Type C)    by Crom / CVC
 KNAVE   .ASM  .............. Knave (Type A)     by Red_Devils / CVC
 MMIR278 .ASM  .............. MMIR.278           by Dark Angel / PS
 SIMPLET .ASM  .............. Simplet            by Corean_Boy / CVC

 FOR-AV  .TXT  .............. For AV from SGWW
 SV      .ZIP  .............. AV for Scorpion virus
 VCL100  .ZIP  .............. VCL

                                         (c) 1997-98 CVC (Corean Virus Club)
