
                CVL (Corean Virus Laboratories) Zine #3 Index
                                                                      (98/03)

     **********************************************************************
     *                                                                    *
     * 경고 !                                                             *
     *        이 정보는 오직 교육적인 목적으로만 사용되어야 합니다. 우리  *
     *        는 이 정보를 사용해서 생기는 어떠한 문제에 대해서도 책임을  *
     *        지지 않습니다.                                              *
     *                                                                    *
     * Warning !                                                          *
     *        This information is for educational purposes only. We are   *
     *        not responsible for any problems caused by the use of this  *
     *        information.                                                *
     **********************************************************************

     이 Zine 에는 바이러스와 관련된 내용이 있습니다. CVL 은 본 Zine 에 공개
     된 자료로 인해 발생하는 어떤 형태의 손실이나 부작용, 물질적, 정신적 피
     해에 대해 책임을 지지 않을 것입니다.
       이에 동의하지 않으면 이글을 읽지 마십시오. 계속해서 글을 읽어 나간다
     면 당신은 위의 사항에 대해 동의한 것으로 간주 할 것입니다.

 << 차례 >>

 CVL03   .LST  .............. CVL #03 리스트

 CVL03   .1-1  .............. CVL 소개
 CVL03   .1-2  .............. 인사말
 CVL03   .1-3  .............. 사용한 AV 들
 CVL03   .1-4  .............. 독도 가는 길
 CVL03   .1-5  .............. CVL Zine #04 에서는 ?

 CVL03   .2-1  .............. 추천 바이러스 관련 사이트들
 CVL03   .2-2  .............. 한국에서 널리 퍼진 바이러스들
 CVL03   .2-3  .............. PC Viruses in the wild
 CVL03   .2-4  .............. V3+ V1297 바이러스 리스트
 CVL03   .2-5  .............. 감염에서 제외할 파일들
 CVL03   .2-6  .............. 바이러스 소식들
 CVL03   .2-7  .............. 중요한 인터럽트 함수
 CVL03   .2-8  .............. Virus Mini FAQ - 한국어판
 CVL03   .2-9  .............. 바이러스 제작에 도움을 주는 것들

 CVL03   .3-1  .............. 고전 : Jerusalem
 CVL03   .3-2  .............. 전자 신문 백신 관련 특집
 CVL03   .3-3  .............. 1997년 바이러스 10 대 사건
 CVL03   .3-4  .............. 바이러스 제작자 4 명 잡히다
 CVL03   .3-5  .............. CVC 해체되다.
 CVL03   .3-6  .............. KOV 와의 인터뷰
 CVL03   .3-7  .............. 바이러스 이름 논쟁 - IMF vs Miny1
 CVL03   .3-8  .............. 잘 알려져 있지 않은 국산 AV 들
 CVL03   .3-9  .............. 안연구소의 국산 바이러스 진원지 분석

 CVL03   .4-1  .............. TBSCAN 진단 피하기
 CVL03   .4-2  .............. 노노무라병원사람들 한글패치에서 찾은 보물
 CVL03   .4-3  .............. 코드 최적화
 CVL03   .4-4  .............. Retro 기법 소개
 CVL03   .4-5  .............. Miny1 에 포함된 Anti-Heuristic 기법들
 CVL03   .4-6  .............. 초보자를 위한 바이러스 제작강좌 2회
 CVL03   .4-7  .............. 초보자를 위한 바이러스 제작강좌 3회
 CVL03   .4-8  .............. 상주형 바이러스 강좌 1. 인터럽트주소표 상주형
 CVL03   .4-9  .............. 바이러스 분석 강좌 - 1. 샘플 얻기
 CVL03   .4-A  .............. 긴급 분석 : Alt_X.2606

<< Virus Source >>

 CALEM   .ASM  .............. Camel
 CTINY-A .ASM  .............. C_Tiny.179 (Type A)
 CTINY-B .ASM  .............. C_Tiny.195 (Type B)
 CUTE    .ASM  .............. Cute by Dark Slayer of TPVO
 EXAM    .ASM  .............. Exam
 FK      .ASM  .............. FK by MOV of SVS
 FRIEND-B.ASM  .............. Friend (Type B) by Osiris of CVC
 IMF-E   .ASM  .............. IMF (Ver E) by MOV of SVS
 JERUSALE.ASM  .............. Jerusalem.1808.Standard
 MY1-584 .ASM  .............. Miny1.584 by Osiris of CVC

<< Anti-Virus Source >>

 XNRLG   .C    .............. AV for Nrlg

<< 기타 >>

 SILV1   .DAT  .............. 노노무라병원 사람들에서 암호화 되어 있는 파일

                                   (c) 1997-98 CVL (Corean Virus Laboratories)
