
               CVC (Corea Virus Club) magazine #1 Index
                                                            (97/06)

*********************************************************************
* 알림 : 본 내용은 바이러스 제작 기법을 실었습니다. 바이러스를 싫어 *
*        한다면 본 파일을 지워 주시기 바랍니다.                     *
*********************************************************************

  여기에 공개된 바이러스소스와 샘플은 교육적인 목적으로 사용되어야 합
니다. 바이러스로 부터 생기는 어떠한 피해도 제작자가 책임지지 않습니다

                << 차례 >>

 CVC01   .LST  .............. CVC #01 리스트 (지금 보고 있습니다.)

 CVC01   .1-1  .............. CVC 에 대해서
 CVC01   .1-2  .............. CVC 의 구성원들
 CVC01   .1-3  .............. CVC 인사말
 CVC01   .1-4  .............. 바이러스 관련 사이트들
 CVC01   .1-5  .............. 추천하는 바이러스 제작 잡지
 CVC01   .1-6  .............. CVC #02 에서는 ?

 CVC01   .2-1  .............. 인공지능 백신
 CVC01   .2-2  .............. 미끼 파일 피하는 법
 CVC01   .2-3  .............. 한국산 바이러스의 외국 진출
 CVC01   .2-4  .............. 부트 바이러스의 전염성
 CVC01   .2-5  .............. 한국에서 널리 퍼진 바이러스들
 CVC01   .2-6  .............. 신문에난 바이러스 소식들
 CVC01   .2-7  .............. 97 1/4 분기 바이러스 소식 (안연구소)
 CVC01   .2-8  .............. V3 V790 바이러스 리스트
 CVC01   .2-9  .............. FCB,DTA 구조표

 CVC01   .3-1  .............. Sailor.Jupiter 완벽 분석
 CVC01   .3-2  .............. 바이러스 암호 해독 방법
 CVC01   .3-3  .............. EXE 기생형의 생성 과정
 CVC01   .3-4  .............. 기생형 바이러스 해부하기
 CVC01   .3-5  .............. 겹쳐쓰기 바이러스 만들기
 CVC01   .3-6  .............. 간단한 폴리모픽 엔진 강좌
 CVC01   .3-7  .............. 스텔스기법
 CVC01   .3-8  .............. TBAV 무력화
 CVC01   .3-9  .............. XOR 로 암호화되는 모든 바이러스 분석법
 CVC01   .3-A  .............. Tunneling 기법
 CVC01   .3-B  .............. 김용님의 반디버깅 프로그램 분석과 테크닉
 CVC01   .3-C  .............. IV #01의 스텔스 기법

 << Viruses >>

 JO911   .ASM  .............. Arcv.Jo.911 by Apache Warrior / ARCV
 JUPITER .ASM  .............. Sailor.Jupiter by b0z0 / iKx
 MINY1   .ASM  .............. Miny1.432 by Osiris / CVC
 SALMON  .ASM  .............. Salmon.510 by Nemesis
 SIMBIOZ .ASM  .............. Simbioz.331 by Reminder [DVC]

 << Corean Viruses >>

               VIRUSES .ZIP

 BUR1150A.EXE  .............. Burglar.1150.A by KOV of SVS
 BW861   .COM  .............. BW.861
 CURSE-A .COM  .............. Jerusalem.Curse.1653.A by SVS
 CURSE-B .COM  .............. Jerusalem.Curse.1653.B by SVS
 CURSE-C .COM  .............. Jerusalem.Curse.1653.C by SVS
 CURSE-D .COM  .............. Jerusalem.Curse.1653.D by SVS
 DULL_BOY.BIN  .............. Dull_boy
 FCL     .COM  .............. FCL.4193 (Frog man Cracker cLub)
 KIT     .COM  .............. Kit.2384
 LEECHKRG.COM  .............. Leech.Kr-G
 NRLG530 .COM  .............. Nrlg.530
 POXK961 .COM  .............. Pox.Kr.961
 SCOB638 .COM  .............. Scorpion.Blue.1638
 SVS-A   .BIN  .............. SVS_Boot.A by SVS
 SVS-B   .BIN  .............. SVS_Boot.B by SVS
 SYST1591.COM  .............. Systurbo.1591
 SYST1672.COM  .............. Systurbo.1672
 SYST1747.COM  .............. Systurbo.1747
 SYST1748.EXE  .............. Systurbo.1748
 SYSTURBO.EXE  .............. Systurbo

 MPE001  .RAR  .............. Mini Polymorphic Engine 0.01 by kiminwoo / CVC
 MPE002  .RAR  .............. Mini Polymorphic Engine 0.02 by kiminwoo / CVC

                                                CVC (Corea Virus Club)

