Virus scanning report  -  11. October 1994   20:37

F-PROT 2.14 created 15. September 1994
Virus search strings created 14. September 1994

Method: Secure Scan
Search: C:\VIRUS
Action: Report only
Targets: Boot/File/Packed
Files: Standard executables

Scanning MBR of hard disk 1
Scanning boot sector C:
C:\VIRUS\NEW0921\ANSTON.COM  Might be a PKLITE-packed VCL-dropper
C:\VIRUS\NEW0921\ANSTON.COM  Might be a PKLITE-packed VCL-dropper
C:\VIRUS\NEW0921\ANSTON.COM  Might be a PKLITE-packed VCL-dropper
C:\VIRUS\NEW0921\ANSTON.COM  Might be a PKLITE-packed VCL-dropper
C:\VIRUS\NEW0921\ANSTON.COM  Might be a PKLITE-packed VCL-dropper
C:\VIRUS\NEW0921\ANSTON.COM  Might be a PKLITE-packed VCL-dropper
C:\VIRUS\FYI.COM
C:\VIRUS\COUS_IT.COM  Infection: Genvir.1680.Cousin
C:\VIRUS\GOMEZ.COM  Infection: Genvir.1648.Gomez
C:\VIRUS\LURCH.COM  Infection: New or modified variant of Genvir
C:\VIRUS\MORTICIA.COM  Infection: Genvir.Morticia
C:\VIRUS\PUGSLEY.COM  Infection: Genvir.Pugsley
C:\VIRUS\THING.COM  Infection: Genvir.1648.Thing
C:\VIRUS\UFESTER.COM  Infection: Genvir.Uncle
C:\VIRUS\WEDNES.COM  Infection: Genvir.Wednesday

Results of virus scanning:

Files: 295  (6.0 MB)
Scanned: 10  (27 KB)
Infected: 9
Suspicious: 0
Disinfected: 0
Deleted: 0
Renamed: 0

MBR's: 1
DOS boot sectors: 1
Infected: 0
Suspicious: 0
Disinfected: 0

Time: 0:01
Virus scanning report  -  11. October 1994   20:38

F-PROT 2.14 created 15. September 1994
Virus search strings created 14. September 1994

Method: Secure Scan
Search: C:\BC
Action: Report only
Targets: Boot/File/Packed
Files: Standard executables

Scanning MBR of hard disk 1
Scanning boot sector C:
C:\BC\BIN\DPMI32VM.OVL
C:\BC\BIN\DPMI16BI.OVL
C:\BC\BIN\RTM.EXE
C:\BC\BIN\MAKESWAP.EXE
C:\BC\BIN\32RTM.EXE
C:\BC\BIN\CAPDOS.EXE
C:\BC\BIN\BCWS32.EXE
C:\BC\BIN\BCW.EXE
C:\BC\BIN\TD32INST.EXE
C:\BC\BIN\TD32.EXE
C:\BC\BIN\JITIME.EXE
C:\BC\BIN\TLINK32.EXE
C:\BC\BIN\TDSTRP32.EXE
C:\BC\BIN\CPP32.EXE
C:\BC\BIN\BCC32.EXE
C:\BC\BIN\TLIB.EXE
C:\BC\BIN\RCPP.EXE
C:\BC\BIN\RC.EXE
C:\BC\BIN\IMPLIB.EXE
C:\BC\BIN\IMPDEF.EXE
C:\BC\BIN\HC31.EXE
C:\BC\BIN\BRCC32.EXE
C:\BC\BIN\BRCC.EXE
C:\BC\BIN\BRC32.EXE
C:\BC\BIN\BRC.EXE
C:\BC\BIN\GREP.COM
C:\BC\BIN\WORKSHOP.EXE
C:\BC\BIN\LOADBWCC.EXE
C:\BC\BIN\TDWINST.EXE
C:\BC\BIN\TDW.EXE
C:\BC\BIN\TDINST.EXE
C:\BC\BIN\TD.EXE
C:\BC\BIN\WINSTUB.EXE
C:\BC\BIN\TLINK.EXE
C:\BC\BIN\CPP.EXE
C:\BC\BIN\BCC.EXE
C:\BC\BIN\UUIDGEN.EXE
C:\BC\BIN\SHED.EXE
C:\BC\BIN\PVIEW.EXE
C:\BC\BIN\PSTAT.EXE
C:\BC\BIN\PORTTOOL.EXE
C:\BC\BIN\MRBC.EXE
C:\BC\BIN\MIDL.EXE
C:\BC\BIN\MC.EXE
C:\BC\BIN\MARKMIDI.EXE
C:\BC\BIN\COMPRESS.EXE
C:\BC\BIN\TRIGRAPH.EXE
C:\BC\BIN\TDUMP.EXE
C:\BC\BIN\TDSTRIP.EXE
C:\BC\BIN\TDMEM.EXE
C:\BC\BIN\RLINK.EXE
C:\BC\BIN\OBJXREF.EXE
C:\BC\BIN\MAKER.EXE
C:\BC\BIN\MAKE.EXE
C:\BC\BIN\TOUCH.COM
C:\BC\BIN\KEYMAPR.EXE
C:\BC\BIN\REGLOAD.EXE
C:\BC\BIN\OWLCVT.EXE
C:\BC\BIN\TDWINI.EXE
C:\BC\BIN\TMAPSYM.EXE
C:\BC\BIN\FCONVERT.EXE
C:\BC\BIN\EXEMAP.EXE
C:\BC\BIN\BUILDSYM.EXE
C:\BC\BIN\TDRF.EXE
C:\BC\BIN\TDREMOTE.EXE
C:\BC\BIN\WINSPCTR.EXE
C:\BC\BIN\DFA.EXE
C:\BC\BIN\WINSIGHT.EXE
C:\BC\BIN\WRSETUP.EXE
C:\BC\BIN\WREMOTE.EXE
C:\BC\BIN\VBXGEN.EXE
C:\BC\BIN\GEEZ.EXE
C:\BC\BIN\DOOR.EXE
C:\BC\BIN\FUNC.EXE
C:\BC\BIN\DBVIEW.EXE
C:\BC\BIN\DLIST.EXE
C:\BC\BIN\TESTA.EXE
C:\BC\BIN\AUTO.EXE
C:\BC\BIN\TESTAR.EXE
C:\BC\BIN\BREAKCOM.EXE
C:\BC\BIN\ULT7.EXE
C:\BC\BIN\ULT7ENV.EXE
C:\BC\EXAMPLES\WINDOWS\TDW\S_PAINT.EXE
C:\BC\BGI\BGIOBJ.EXE

Results of virus scanning:

Files: 1186  (66.0 MB)
Scanned: 84  (12.2 MB)
MBR's: 1
DOS boot sectors: 1

Time: 0:05

No viruses or suspicious files/boot sectors were found.
